<?xml version="1.0" encoding="UTF-8"?>
<testsuite xmlns:xsi="http://www.w3.org/2001/XMLSchema-instance" xsi:noNamespaceSchemaLocation="https://maven.apache.org/surefire/maven-surefire-plugin/xsd/surefire-test-report-3.0.xsd" version="3.0" name="TestSuite" time="18.763" tests="3" errors="0" skipped="0" failures="0">
  <properties>
[...]
</properties>
  <testcase name="navigateToPage" classname="com.ashik.sqa.tests.UploadAndDownloadTest" time="15.462">
    <system-out><![CDATA[[TestNGContentHandler] [WARN] It is strongly recommended to add "<!DOCTYPE suite SYSTEM "https://testng.org/testng-1.0.dtd" >" at the top of the suite file [/home/ashik/Projects/Web-automation-with-selenium/src/test/resources/testng.xml] otherwise TestNG may fail or not work as expected.
13:18:14.325 [main] INFO  com.ashik.sqa.pages.BasePage - Accepting the child driver param and creating instance
13:18:14.327 [main] INFO  com.ashik.sqa.tests.UploadAndDownloadTest - Driver initialized.
]]></system-out>
    <system-err><![CDATA[SLF4J: Failed to load class "org.slf4j.impl.StaticLoggerBinder".
SLF4J: Defaulting to no-operation (NOP) logger implementation
SLF4J: See http://www.slf4j.org/codes.html#StaticLoggerBinder for further details.
Dec 06, 2023 1:18:14 PM org.openqa.selenium.devtools.CdpVersionFinder findNearestMatch
WARNING: Unable to find an exact match for CDP version 119, so returning the closest version found: 115
]]></system-err>
  </testcase>
  <testcase name="downloadImage" classname="com.ashik.sqa.tests.UploadAndDownloadTest" time="0.094"/>
  <testcase name="uploadFile" classname="com.ashik.sqa.tests.UploadAndDownloadTest" time="1.102"/>
</testsuite>