<?xml version="1.0" encoding="UTF-8"?>
<testng-results skipped="0" failed="0" ignored="0" total="3" passed="3">
  <reporter-output>
  </reporter-output>
  <suite name="GreatTestSuite" duration-ms="18155" started-at="2023-12-06T13:18:12 BDT" finished-at="2023-12-06T13:18:31 BDT">
    <groups>
      <group name="regression">
        <method signature="UploadAndDownloadTest.navigateToPage()[pri:0, instance:com.ashik.sqa.tests.UploadAndDownloadTest@313b2ea6]" name="navigateToPage" class="com.ashik.sqa.tests.UploadAndDownloadTest"/>
        <method signature="UploadAndDownloadTest.downloadImage()[pri:1, instance:com.ashik.sqa.tests.UploadAndDownloadTest@313b2ea6]" name="downloadImage" class="com.ashik.sqa.tests.UploadAndDownloadTest"/>
      </group> <!-- regression -->
    </groups>
    <test name="LoginTest" duration-ms="18155" started-at="2023-12-06T13:18:12 BDT" finished-at="2023-12-06T13:18:31 BDT">
      <class name="com.ashik.sqa.tests.UploadAndDownloadTest">
        <test-method status="PASS" signature="setUp(java.lang.String)[pri:0, instance:com.ashik.sqa.tests.UploadAndDownloadTest@313b2ea6]" name="setUp" is-config="true" duration-ms="1350" started-at="2023-12-06T13:18:12 BDT" finished-at="2023-12-06T13:18:14 BDT">
          <params>
            <param index="0">
              <value>
                <![CDATA[/home/ashik/download_by_automation]]>
              </value>
            </param>
          </params>
          <reporter-output>
          </reporter-output>
        </test-method> <!-- setUp -->
        <test-method status="PASS" signature="navigateToPage()[pri:0, instance:com.ashik.sqa.tests.UploadAndDownloadTest@313b2ea6]" name="navigateToPage" duration-ms="15462" started-at="2023-12-06T13:18:14 BDT" finished-at="2023-12-06T13:18:29 BDT">
          <reporter-output>
          </reporter-output>
        </test-method> <!-- navigateToPage -->
        <test-method status="PASS" signature="downloadImage()[pri:1, instance:com.ashik.sqa.tests.UploadAndDownloadTest@313b2ea6]" name="downloadImage" duration-ms="95" started-at="2023-12-06T13:18:29 BDT" finished-at="2023-12-06T13:18:29 BDT">
          <reporter-output>
          </reporter-output>
        </test-method> <!-- downloadImage -->
        <test-method status="PASS" signature="uploadFile()[pri:2, instance:com.ashik.sqa.tests.UploadAndDownloadTest@313b2ea6]" name="uploadFile" duration-ms="1101" started-at="2023-12-06T13:18:29 BDT" finished-at="2023-12-06T13:18:30 BDT">
          <reporter-output>
          </reporter-output>
        </test-method> <!-- uploadFile -->
        <test-method status="PASS" signature="tearUp()[pri:0, instance:com.ashik.sqa.tests.UploadAndDownloadTest@313b2ea6]" name="tearUp" is-config="true" duration-ms="120" started-at="2023-12-06T13:18:31 BDT" finished-at="2023-12-06T13:18:31 BDT">
          <reporter-output>
          </reporter-output>
        </test-method> <!-- tearUp -->
      </class> <!-- com.ashik.sqa.tests.UploadAndDownloadTest -->
    </test> <!-- LoginTest -->
  </suite> <!-- GreatTestSuite -->
</testng-results>
