<?xml version="1.0" encoding="UTF-8"?>
<!-- Generated by org.testng.reporters.JUnitXMLReporter -->
<testsuite hostname="ashikpsl" ignored="0" name="LoginTest" tests="3" failures="0" timestamp="2023-12-06T13:18:31 BDT" time="18.155" errors="0">
  <testcase name="navigateToPage" time="15.462" classname="com.ashik.sqa.tests.UploadAndDownloadTest"/>
  <testcase name="downloadImage" time="0.095" classname="com.ashik.sqa.tests.UploadAndDownloadTest"/>
  <testcase name="uploadFile" time="1.101" classname="com.ashik.sqa.tests.UploadAndDownloadTest"/>
</testsuite> <!-- LoginTest -->
